# JRE version: OpenJDK Runtime Environment (17.0.11) (build 17.0.11+0--11852314)
# Java VM: OpenJDK 64-Bit Server VM (17.0.11+0--11852314, mixed mode, tiered, compressed oops, compressed class ptrs, g1 gc, windows-amd64)
GC Precious Log:
 CPUs: 12 total, 12 available
 Memory: 16193M
 Large Page Support: Disabled
 NUMA Support: Disabled
 Compressed Oops: Enabled (32-bit)
 Heap Region Size: 1M
 Heap Min Capacity: 8M
 Heap Initial Capacity: 254M
 Heap Max Capacity: 2G
 Pre-touch: Disabled
 Parallel Workers: 10
 Concurrent Workers: 3
 Concurrent Refinement Workers: 10
 Periodic GC: Disabled
Heap:
 garbage-first heap   total 405504K, used 198638K [0x0000000080000000, 0x0000000100000000)
  region size 1024K, 18 young (18432K), 9 survivors (9216K)
 Metaspace       used 119866K, committed 120768K, reserved 1179648K
  class space    used 16182K, committed 16640K, reserved 1048576K
GC Heap History (20 events):
Event: 11.931 GC heap before
{Heap before GC invocations=43 (full 0):
 garbage-first heap   total 326656K, used 270371K [0x0000000080000000, 0x0000000100000000)
  region size 1024K, 109 young (111616K), 9 survivors (9216K)
 Metaspace       used 117276K, committed 118080K, reserved 1179648K
  class space    used 15993K, committed 16384K, reserved 1048576K
}
Event: 11.935 GC heap after
{Heap after GC invocations=44 (full 0):
 garbage-first heap   total 326656K, used 144318K [0x0000000080000000, 0x0000000100000000)
  region size 1024K, 11 young (11264K), 11 survivors (11264K)
 Metaspace       used 117276K, committed 118080K, reserved 1179648K
  class space    used 15993K, committed 16384K, reserved 1048576K
}
Event: 766.608 GC heap before
{Heap before GC invocations=45 (full 0):
 garbage-first heap   total 326656K, used 257982K [0x0000000080000000, 0x0000000100000000)
  region size 1024K, 133 young (136192K), 11 survivors (11264K)
 Metaspace       used 118790K, committed 119680K, reserved 1179648K
  class space    used 16145K, committed 16576K, reserved 1048576K
}
Event: 766.616 GC heap after
{Heap after GC invocations=46 (full 0):
 garbage-first heap   total 326656K, used 144442K [0x0000000080000000, 0x0000000100000000)
  region size 1024K, 17 young (17408K), 17 survivors (17408K)
 Metaspace       used 118790K, committed 119680K, reserved 1179648K
  class space    used 16145K, committed 16576K, reserved 1048576K
}
Event: 766.620 GC heap before
{Heap before GC invocations=46 (full 0):
 garbage-first heap   total 326656K, used 145466K [0x0000000080000000, 0x0000000100000000)
  region size 1024K, 18 young (18432K), 17 survivors (17408K)
 Metaspace       used 118794K, committed 119680K, reserved 1179648K
  class space    used 16145K, committed 16576K, reserved 1048576K
}
Event: 766.626 GC heap after
{Heap after GC invocations=47 (full 0):
 garbage-first heap   total 326656K, used 137079K [0x0000000080000000, 0x0000000100000000)
  region size 1024K, 3 young (3072K), 3 survivors (3072K)
 Metaspace       used 118794K, committed 119680K, reserved 1179648K
  class space    used 16145K, committed 16576K, reserved 1048576K
}
Event: 766.683 GC heap before
{Heap before GC invocations=47 (full 0):
 garbage-first heap   total 326656K, used 142199K [0x0000000080000000, 0x0000000100000000)
  region size 1024K, 9 young (9216K), 3 survivors (3072K)
 Metaspace       used 118820K, committed 119680K, reserved 1179648K
  class space    used 16145K, committed 16576K, reserved 1048576K
}
Event: 766.685 GC heap after
{Heap after GC invocations=48 (full 0):
 garbage-first heap   total 326656K, used 135132K [0x0000000080000000, 0x0000000100000000)
  region size 1024K, 1 young (1024K), 1 survivors (1024K)
 Metaspace       used 118820K, committed 119680K, reserved 1179648K
  class space    used 16145K, committed 16576K, reserved 1048576K
}
Event: 768.629 GC heap before
{Heap before GC invocations=49 (full 0):
 garbage-first heap   total 326656K, used 299996K [0x0000000080000000, 0x0000000100000000)
  region size 1024K, 132 young (135168K), 1 survivors (1024K)
 Metaspace       used 119252K, committed 120128K, reserved 1179648K
  class space    used 16151K, committed 16576K, reserved 1048576K
}
Event: 768.633 GC heap after
{Heap after GC invocations=50 (full 0):
 garbage-first heap   total 326656K, used 138973K [0x0000000080000000, 0x0000000100000000)
  region size 1024K, 6 young (6144K), 6 survivors (6144K)
 Metaspace       used 119252K, committed 120128K, reserved 1179648K
  class space    used 16151K, committed 16576K, reserved 1048576K
}
Event: 768.685 GC heap before
{Heap before GC invocations=50 (full 0):
 garbage-first heap   total 326656K, used 147165K [0x0000000080000000, 0x0000000100000000)
  region size 1024K, 15 young (15360K), 6 survivors (6144K)
 Metaspace       used 119287K, committed 120128K, reserved 1179648K
  class space    used 16151K, committed 16576K, reserved 1048576K
}
Event: 768.691 GC heap after
{Heap after GC invocations=51 (full 0):
 garbage-first heap   total 326656K, used 124120K [0x0000000080000000, 0x0000000100000000)
  region size 1024K, 1 young (1024K), 1 survivors (1024K)
 Metaspace       used 119287K, committed 120128K, reserved 1179648K
  class space    used 16151K, committed 16576K, reserved 1048576K
}
Event: 768.775 GC heap before
{Heap before GC invocations=51 (full 0):
 garbage-first heap   total 326656K, used 137432K [0x0000000080000000, 0x0000000100000000)
  region size 1024K, 16 young (16384K), 1 survivors (1024K)
 Metaspace       used 119359K, committed 120256K, reserved 1179648K
  class space    used 16154K, committed 16576K, reserved 1048576K
}
Event: 768.776 GC heap after
{Heap after GC invocations=52 (full 0):
 garbage-first heap   total 326656K, used 124828K [0x0000000080000000, 0x0000000100000000)
  region size 1024K, 2 young (2048K), 2 survivors (2048K)
 Metaspace       used 119359K, committed 120256K, reserved 1179648K
  class space    used 16154K, committed 16576K, reserved 1048576K
}
Event: 843.530 GC heap before
{Heap before GC invocations=53 (full 0):
 garbage-first heap   total 326656K, used 304028K [0x0000000080000000, 0x0000000100000000)
  region size 1024K, 147 young (150528K), 2 survivors (2048K)
 Metaspace       used 119803K, committed 120704K, reserved 1179648K
  class space    used 16182K, committed 16640K, reserved 1048576K
}
Event: 843.541 GC heap after
{Heap after GC invocations=54 (full 0):
 garbage-first heap   total 337920K, used 155630K [0x0000000080000000, 0x0000000100000000)
  region size 1024K, 19 young (19456K), 19 survivors (19456K)
 Metaspace       used 119803K, committed 120704K, reserved 1179648K
  class space    used 16182K, committed 16640K, reserved 1048576K
}
Event: 843.546 GC heap before
{Heap before GC invocations=54 (full 0):
 garbage-first heap   total 337920K, used 156654K [0x0000000080000000, 0x0000000100000000)
  region size 1024K, 20 young (20480K), 19 survivors (19456K)
 Metaspace       used 119806K, committed 120704K, reserved 1179648K
  class space    used 16182K, committed 16640K, reserved 1048576K
}
Event: 843.554 GC heap after
{Heap after GC invocations=55 (full 0):
 garbage-first heap   total 337920K, used 155616K [0x0000000080000000, 0x0000000100000000)
  region size 1024K, 2 young (2048K), 2 survivors (2048K)
 Metaspace       used 119806K, committed 120704K, reserved 1179648K
  class space    used 16182K, committed 16640K, reserved 1048576K
}
Event: 843.571 GC heap before
{Heap before GC invocations=55 (full 0):
 garbage-first heap   total 337920K, used 163808K [0x0000000080000000, 0x0000000100000000)
  region size 1024K, 11 young (11264K), 2 survivors (2048K)
 Metaspace       used 119811K, committed 120704K, reserved 1179648K
  class space    used 16182K, committed 16640K, reserved 1048576K
}
Event: 843.574 GC heap after
{Heap after GC invocations=56 (full 0):
 garbage-first heap   total 405504K, used 162798K [0x0000000080000000, 0x0000000100000000)
  region size 1024K, 9 young (9216K), 9 survivors (9216K)
 Metaspace       used 119811K, committed 120704K, reserved 1179648K
  class space    used 16182K, committed 16640K, reserved 1048576K
}

