# JRE version: OpenJDK Runtime Environment (17.0.11) (build 17.0.11+0--11852314)
# Java VM: OpenJDK 64-Bit Server VM (17.0.11+0--11852314, mixed mode, tiered, compressed oops, compressed class ptrs, g1 gc, windows-amd64)
GC Precious Log:
 CPUs: 12 total, 12 available
 Memory: 16193M
 Large Page Support: Disabled
 NUMA Support: Disabled
 Compressed Oops: Enabled (32-bit)
 Heap Region Size: 1M
 Heap Min Capacity: 8M
 Heap Initial Capacity: 254M
 Heap Max Capacity: 2G
 Pre-touch: Disabled
 Parallel Workers: 10
 Concurrent Workers: 3
 Concurrent Refinement Workers: 10
 Periodic GC: Disabled
Heap:
 garbage-first heap   total 106496K, used 60158K [0x0000000080000000, 0x0000000100000000)
  region size 1024K, 1 young (1024K), 1 survivors (1024K)
 Metaspace       used 59664K, committed 60288K, reserved 1114112K
  class space    used 8199K, committed 8512K, reserved 1048576K
GC Heap History (20 events):
Event: 2.904 GC heap after
{Heap after GC invocations=14 (full 0):
 garbage-first heap   total 71680K, used 34831K [0x0000000080000000, 0x0000000100000000)
  region size 1024K, 3 young (3072K), 3 survivors (3072K)
 Metaspace       used 51182K, committed 51648K, reserved 1114112K
  class space    used 7073K, committed 7296K, reserved 1048576K
}
Event: 2.977 GC heap before
{Heap before GC invocations=15 (full 0):
 garbage-first heap   total 71680K, used 44047K [0x0000000080000000, 0x0000000100000000)
  region size 1024K, 14 young (14336K), 3 survivors (3072K)
 Metaspace       used 52314K, committed 52800K, reserved 1114112K
  class space    used 7274K, committed 7488K, reserved 1048576K
}
Event: 2.978 GC heap after
{Heap after GC invocations=16 (full 0):
 garbage-first heap   total 71680K, used 35744K [0x0000000080000000, 0x0000000100000000)
  region size 1024K, 3 young (3072K), 3 survivors (3072K)
 Metaspace       used 52314K, committed 52800K, reserved 1114112K
  class space    used 7274K, committed 7488K, reserved 1048576K
}
Event: 3.188 GC heap before
{Heap before GC invocations=17 (full 0):
 garbage-first heap   total 71680K, used 59296K [0x0000000080000000, 0x0000000100000000)
  region size 1024K, 24 young (24576K), 3 survivors (3072K)
 Metaspace       used 55363K, committed 55936K, reserved 1114112K
  class space    used 7637K, committed 7936K, reserved 1048576K
}
Event: 3.190 GC heap after
{Heap after GC invocations=18 (full 0):
 garbage-first heap   total 86016K, used 36809K [0x0000000080000000, 0x0000000100000000)
  region size 1024K, 2 young (2048K), 2 survivors (2048K)
 Metaspace       used 55363K, committed 55936K, reserved 1114112K
  class space    used 7637K, committed 7936K, reserved 1048576K
}
Event: 3.416 GC heap before
{Heap before GC invocations=18 (full 0):
 garbage-first heap   total 86016K, used 68553K [0x0000000080000000, 0x0000000100000000)
  region size 1024K, 34 young (34816K), 2 survivors (2048K)
 Metaspace       used 56370K, committed 56896K, reserved 1114112K
  class space    used 7758K, committed 8000K, reserved 1048576K
}
Event: 3.418 GC heap after
{Heap after GC invocations=19 (full 0):
 garbage-first heap   total 86016K, used 41702K [0x0000000080000000, 0x0000000100000000)
  region size 1024K, 5 young (5120K), 5 survivors (5120K)
 Metaspace       used 56370K, committed 56896K, reserved 1114112K
  class space    used 7758K, committed 8000K, reserved 1048576K
}
Event: 3.509 GC heap before
{Heap before GC invocations=19 (full 0):
 garbage-first heap   total 86016K, used 66278K [0x0000000080000000, 0x0000000100000000)
  region size 1024K, 30 young (30720K), 5 survivors (5120K)
 Metaspace       used 56723K, committed 57216K, reserved 1114112K
  class space    used 7793K, committed 8064K, reserved 1048576K
}
Event: 3.512 GC heap after
{Heap after GC invocations=20 (full 0):
 garbage-first heap   total 86016K, used 43411K [0x0000000080000000, 0x0000000100000000)
  region size 1024K, 4 young (4096K), 4 survivors (4096K)
 Metaspace       used 56723K, committed 57216K, reserved 1114112K
  class space    used 7793K, committed 8064K, reserved 1048576K
}
Event: 3.521 GC heap before
{Heap before GC invocations=20 (full 0):
 garbage-first heap   total 86016K, used 43411K [0x0000000080000000, 0x0000000100000000)
  region size 1024K, 5 young (5120K), 4 survivors (4096K)
 Metaspace       used 56770K, committed 57344K, reserved 1114112K
  class space    used 7797K, committed 8064K, reserved 1048576K
}
Event: 3.522 GC heap after
{Heap after GC invocations=21 (full 0):
 garbage-first heap   total 86016K, used 43970K [0x0000000080000000, 0x0000000100000000)
  region size 1024K, 1 young (1024K), 1 survivors (1024K)
 Metaspace       used 56770K, committed 57344K, reserved 1114112K
  class space    used 7797K, committed 8064K, reserved 1048576K
}
Event: 3.671 GC heap before
{Heap before GC invocations=22 (full 0):
 garbage-first heap   total 86016K, used 77762K [0x0000000080000000, 0x0000000100000000)
  region size 1024K, 25 young (25600K), 1 survivors (1024K)
 Metaspace       used 58140K, committed 58688K, reserved 1114112K
  class space    used 8003K, committed 8256K, reserved 1048576K
}
Event: 3.672 GC heap after
{Heap after GC invocations=23 (full 0):
 garbage-first heap   total 87040K, used 59549K [0x0000000080000000, 0x0000000100000000)
  region size 1024K, 4 young (4096K), 4 survivors (4096K)
 Metaspace       used 58140K, committed 58688K, reserved 1114112K
  class space    used 8003K, committed 8256K, reserved 1048576K
}
Event: 3.678 GC heap before
{Heap before GC invocations=23 (full 0):
 garbage-first heap   total 87040K, used 59549K [0x0000000080000000, 0x0000000100000000)
  region size 1024K, 5 young (5120K), 4 survivors (4096K)
 Metaspace       used 58198K, committed 58752K, reserved 1114112K
  class space    used 8010K, committed 8256K, reserved 1048576K
}
Event: 3.679 GC heap after
{Heap after GC invocations=24 (full 0):
 garbage-first heap   total 87040K, used 58847K [0x0000000080000000, 0x0000000100000000)
  region size 1024K, 1 young (1024K), 1 survivors (1024K)
 Metaspace       used 58198K, committed 58752K, reserved 1114112K
  class space    used 8010K, committed 8256K, reserved 1048576K
}
Event: 3.694 GC heap before
{Heap before GC invocations=24 (full 0):
 garbage-first heap   total 87040K, used 60895K [0x0000000080000000, 0x0000000100000000)
  region size 1024K, 5 young (5120K), 1 survivors (1024K)
 Metaspace       used 58385K, committed 59008K, reserved 1114112K
  class space    used 8025K, committed 8320K, reserved 1048576K
}
Event: 3.695 GC heap after
{Heap after GC invocations=25 (full 0):
 garbage-first heap   total 87040K, used 59279K [0x0000000080000000, 0x0000000100000000)
  region size 1024K, 1 young (1024K), 1 survivors (1024K)
 Metaspace       used 58385K, committed 59008K, reserved 1114112K
  class space    used 8025K, committed 8320K, reserved 1048576K
}
Event: 3.772 GC heap before
{Heap before GC invocations=26 (full 0):
 garbage-first heap   total 106496K, used 71567K [0x0000000080000000, 0x0000000100000000)
  region size 1024K, 13 young (13312K), 1 survivors (1024K)
 Metaspace       used 59353K, committed 59968K, reserved 1114112K
  class space    used 8148K, committed 8448K, reserved 1048576K
}
Event: 3.772 GC heap after
{Heap after GC invocations=27 (full 0):
 garbage-first heap   total 106496K, used 60650K [0x0000000080000000, 0x0000000100000000)
  region size 1024K, 1 young (1024K), 1 survivors (1024K)
 Metaspace       used 59353K, committed 59968K, reserved 1114112K
  class space    used 8148K, committed 8448K, reserved 1048576K
}
Event: 3.795 GC heap before
{Heap before GC invocations=27 (full 0):
 garbage-first heap   total 106496K, used 63722K [0x0000000080000000, 0x0000000100000000)
  region size 1024K, 5 young (5120K), 1 survivors (1024K)
 Metaspace       used 59664K, committed 60288K, reserved 1114112K
  class space    used 8199K, committed 8512K, reserved 1048576K
}

